=== Protection Build Started 02/05/2026 15:39:19 ===
PROTECT: scripts/module.js
  -> Obfuscating...
  -> Minifying...
  -> Making Opaque...
  -> Encrypting (AES-256)...
  -> Encrypted: 686B (62% original)
PROTECT: scripts/constants.js
  -> Obfuscating...
  -> Minifying...
  -> Making Opaque...
  -> Encrypting (AES-256)...
  -> Encrypted: 578B (36.1% original)
PROTECT: scripts/utils.js
  -> Obfuscating...
  -> Minifying...
  -> Making Opaque...
  -> Encrypting (AES-256)...
  -> Encrypted: 898B (32.1% original)
PROTECT: scripts/settings.js
  -> Obfuscating...
  -> Minifying...
  -> Making Opaque...
  -> Encrypting (AES-256)...
  -> Encrypted: 2222B (43.8% original)
PROTECT: scripts/config.js
  -> Obfuscating...
  -> Minifying...
  -> Making Opaque...
  -> Encrypting (AES-256)...
  -> Encrypted: 8194B (46.1% original)
PROTECT: scripts/hooks.js
  -> Obfuscating...
  -> Minifying...
  -> Making Opaque...
  -> Encrypting (AES-256)...
  -> Encrypted: 834B (45.7% original)
PROTECT: scripts/styles.js
  -> Obfuscating...
  -> Minifying...
  -> Making Opaque...
  -> Encrypting (AES-256)...
  -> Encrypted: 5082B (44.4% original)
PROTECT: scripts/features/animation.js
  -> Obfuscating...
  -> Minifying...
  -> Making Opaque...
  -> Encrypting (AES-256)...
  -> Encrypted: 1134B (43.1% original)
PROTECT: scripts/features/presets.js
  -> Obfuscating...
  -> Minifying...
  -> Making Opaque...
  -> Encrypting (AES-256)...
  -> Encrypted: 1582B (42.7% original)
PROTECT: scripts/features/export-import.js
  -> Obfuscating...
  -> Minifying...
  -> Making Opaque...
  -> Encrypting (AES-256)...
  -> Encrypted: 3610B (39.4% original)
=== Build Complete ===
Protected files: C:\Users\thugg\OneDrive\Desktop\a\Local Dev Enviorment\Complete\rnk shipped\rnk-hide-em\protected
Key: (32-byte sophisticated key with hidden characters)
